<?xml version="1.0" encoding="UTF-8"?>
<!-- Generated by org.testng.reporters.JUnitReportReporter -->
<testsuite hostname="Satna" failures="0" tests="1" name="testCases.B" time="64.203" errors="0" timestamp="2023-09-01T20:06:12 IST" skipped="0">
  <testcase classname="testCases.B" name="launchBrowser" time="64.203"/>
</testsuite> <!-- testCases.B -->
