<?xml version="1.0" encoding="UTF-8"?>
<!-- Generated by org.testng.reporters.JUnitReportReporter -->
<testsuite hostname="Satna" failures="0" tests="1" name="testCases.VerifyOrangeHRM" time="16.623" errors="0" timestamp="2023-09-10T15:35:54 IST" skipped="0">
  <testcase classname="testCases.VerifyOrangeHRM" name="verifyLogin" time="16.623"/>
</testsuite> <!-- testCases.VerifyOrangeHRM -->
