<?xml version="1.0" encoding="UTF-8"?>
<!-- Generated by org.testng.reporters.JUnitReportReporter -->
<testsuite hostname="Satna" failures="0" tests="1" name="testCases.VerifyLogin" time="60.602" errors="0" timestamp="2023-09-09T19:48:08 IST" skipped="0">
  <testcase classname="testCases.VerifyLogin" name="login" time="60.602"/>
</testsuite> <!-- testCases.VerifyLogin -->
