<?xml version="1.0" encoding="UTF-8"?>
<!-- Generated by org.testng.reporters.JUnitReportReporter -->
<testsuite hostname="Satna" failures="0" tests="1" name="testCases.CapturingSS" time="49.620" errors="0" timestamp="2023-09-06T16:46:55 IST" skipped="0">
  <testcase classname="testCases.CapturingSS" name="sc" time="49.620"/>
</testsuite> <!-- testCases.CapturingSS -->
